{"uid":"868b2a02252de012","name":"Displaying a Custom Alert with the Name","fullName":"Practicing Basic User Interactions: Displaying a Custom Alert with the Name","historyId":"cd17d04ee654603ea777183f3b739eea","time":{"start":1729094269320,"stop":1729094270138,"duration":818},"status":"broken","statusMessage":"selenium.common.exceptions.NoAlertPresentException: Message: no such alert\n  (Session info: chrome=130.0.6723.58)\nStacktrace:\n#0 0x55e11747702a <unknown>\n#1 0x55e11715d43d <unknown>\n#2 0x55e1171478de <unknown>\n#3 0x55e11716e0b2 <unknown>\n#4 0x55e117180621 <unknown>\n#5 0x55e1171d1bab <unknown>\n#6 0x55e117180431 <unknown>\n#7 0x55e1171d18c3 <unknown>\n#8 0x55e11719f6b3 <unknown>\n#9 0x55e1171a068e <unknown>\n#10 0x55e117441a2b <unknown>\n#11 0x55e1174459b1 <unknown>\n#12 0x55e11742e225 <unknown>\n#13 0x55e117446532 <unknown>\n#14 0x55e11741338f <unknown>\n#15 0x55e117465f28 <unknown>\n#16 0x55e1174660f3 <unknown>\n#17 0x55e117475e7c <unknown>\n#18 0x7f5fa7c94ac3 <unknown>\n\n","statusTrace":"  File \"/home/runner/.cache/pypoetry/virtualenvs/bfexcercise-selenium-python-JQo4GEbC-py3.12/lib/python3.12/site-packages/behave/model.py\", line 1329, in run\n    match.run(runner.context)\n  File \"/home/runner/.cache/pypoetry/virtualenvs/bfexcercise-selenium-python-JQo4GEbC-py3.12/lib/python3.12/site-packages/behave/matchers.py\", line 98, in run\n    self.func(context, *args, **kwargs)\n  File \"src/main/features/steps/home_page_steps.py\", line 88, in step_check_message_in_alert\n    assert context.home_page.get_tex_of_alert() == message\n           ^^^^^^^^^^^^^^^^^^^^^^^^^^^^^^^^^^^^\n  File \"/home/runner/work/bfexcercise-selenium-python/bfexcercise-selenium-python/src/main/pages/home_page.py\", line 74, in get_tex_of_alert\n    alert_text = self.get_alert_text()\n                 ^^^^^^^^^^^^^^^^^^^^^\n  File \"/home/runner/work/bfexcercise-selenium-python/bfexcercise-selenium-python/src/main/pages/base_page.py\", line 114, in get_alert_text\n    alert = self.driver.switch_to.alert\n            ^^^^^^^^^^^^^^^^^^^^^^^^^^^\n  File \"/home/runner/.cache/pypoetry/virtualenvs/bfexcercise-selenium-python-JQo4GEbC-py3.12/lib/python3.12/site-packages/selenium/webdriver/remote/switch_to.py\", line 58, in alert\n    _ = alert.text\n        ^^^^^^^^^^\n  File \"/home/runner/.cache/pypoetry/virtualenvs/bfexcercise-selenium-python-JQo4GEbC-py3.12/lib/python3.12/site-packages/selenium/webdriver/common/alert.py\", line 58, in text\n    return self.driver.execute(Command.W3C_GET_ALERT_TEXT)[\"value\"]\n           ^^^^^^^^^^^^^^^^^^^^^^^^^^^^^^^^^^^^^^^^^^^^^^^\n  File \"/home/runner/.cache/pypoetry/virtualenvs/bfexcercise-selenium-python-JQo4GEbC-py3.12/lib/python3.12/site-packages/selenium/webdriver/remote/webdriver.py\", line 354, in execute\n    self.error_handler.check_response(response)\n  File \"/home/runner/.cache/pypoetry/virtualenvs/bfexcercise-selenium-python-JQo4GEbC-py3.12/lib/python3.12/site-packages/selenium/webdriver/remote/errorhandler.py\", line 229, in check_response\n    raise exception_class(message, screen, stacktrace)\n","flaky":false,"newFailed":false,"newBroken":true,"newPassed":false,"retriesCount":1,"retriesStatusChange":true,"beforeStages":[],"testStage":{"status":"broken","statusMessage":"selenium.common.exceptions.NoAlertPresentException: Message: no such alert\n  (Session info: chrome=130.0.6723.58)\nStacktrace:\n#0 0x55e11747702a <unknown>\n#1 0x55e11715d43d <unknown>\n#2 0x55e1171478de <unknown>\n#3 0x55e11716e0b2 <unknown>\n#4 0x55e117180621 <unknown>\n#5 0x55e1171d1bab <unknown>\n#6 0x55e117180431 <unknown>\n#7 0x55e1171d18c3 <unknown>\n#8 0x55e11719f6b3 <unknown>\n#9 0x55e1171a068e <unknown>\n#10 0x55e117441a2b <unknown>\n#11 0x55e1174459b1 <unknown>\n#12 0x55e11742e225 <unknown>\n#13 0x55e117446532 <unknown>\n#14 0x55e11741338f <unknown>\n#15 0x55e117465f28 <unknown>\n#16 0x55e1174660f3 <unknown>\n#17 0x55e117475e7c <unknown>\n#18 0x7f5fa7c94ac3 <unknown>\n\n","statusTrace":"  File \"/home/runner/.cache/pypoetry/virtualenvs/bfexcercise-selenium-python-JQo4GEbC-py3.12/lib/python3.12/site-packages/behave/model.py\", line 1329, in run\n    match.run(runner.context)\n  File \"/home/runner/.cache/pypoetry/virtualenvs/bfexcercise-selenium-python-JQo4GEbC-py3.12/lib/python3.12/site-packages/behave/matchers.py\", line 98, in run\n    self.func(context, *args, **kwargs)\n  File \"src/main/features/steps/home_page_steps.py\", line 88, in step_check_message_in_alert\n    assert context.home_page.get_tex_of_alert() == message\n           ^^^^^^^^^^^^^^^^^^^^^^^^^^^^^^^^^^^^\n  File \"/home/runner/work/bfexcercise-selenium-python/bfexcercise-selenium-python/src/main/pages/home_page.py\", line 74, in get_tex_of_alert\n    alert_text = self.get_alert_text()\n                 ^^^^^^^^^^^^^^^^^^^^^\n  File \"/home/runner/work/bfexcercise-selenium-python/bfexcercise-selenium-python/src/main/pages/base_page.py\", line 114, in get_alert_text\n    alert = self.driver.switch_to.alert\n            ^^^^^^^^^^^^^^^^^^^^^^^^^^^\n  File \"/home/runner/.cache/pypoetry/virtualenvs/bfexcercise-selenium-python-JQo4GEbC-py3.12/lib/python3.12/site-packages/selenium/webdriver/remote/switch_to.py\", line 58, in alert\n    _ = alert.text\n        ^^^^^^^^^^\n  File \"/home/runner/.cache/pypoetry/virtualenvs/bfexcercise-selenium-python-JQo4GEbC-py3.12/lib/python3.12/site-packages/selenium/webdriver/common/alert.py\", line 58, in text\n    return self.driver.execute(Command.W3C_GET_ALERT_TEXT)[\"value\"]\n           ^^^^^^^^^^^^^^^^^^^^^^^^^^^^^^^^^^^^^^^^^^^^^^^\n  File \"/home/runner/.cache/pypoetry/virtualenvs/bfexcercise-selenium-python-JQo4GEbC-py3.12/lib/python3.12/site-packages/selenium/webdriver/remote/webdriver.py\", line 354, in execute\n    self.error_handler.check_response(response)\n  File \"/home/runner/.cache/pypoetry/virtualenvs/bfexcercise-selenium-python-JQo4GEbC-py3.12/lib/python3.12/site-packages/selenium/webdriver/remote/errorhandler.py\", line 229, in check_response\n    raise exception_class(message, screen, stacktrace)\n","steps":[{"name":"Given Verena is on the home page","time":{"start":1729094269320,"stop":1729094269968,"duration":648},"status":"passed","steps":[],"attachments":[],"parameters":[],"shouldDisplayMessage":false,"stepsCount":0,"attachmentsCount":0,"hasContent":false,"attachmentStep":false},{"name":"When she triggers an Alert Dialog with the name \"JUANK\"","time":{"start":1729094269969,"stop":1729094270124,"duration":155},"status":"passed","steps":[],"attachments":[],"parameters":[],"shouldDisplayMessage":false,"stepsCount":0,"attachmentsCount":0,"hasContent":false,"attachmentStep":false},{"name":"Then she should see an Alert Dialog with the text \"Hello JUANK, share this practice page and share your knowledge\"","time":{"start":1729094270125,"stop":1729094270136,"duration":11},"status":"broken","statusMessage":"selenium.common.exceptions.NoAlertPresentException: Message: no such alert\n  (Session info: chrome=130.0.6723.58)\nStacktrace:\n#0 0x55e11747702a <unknown>\n#1 0x55e11715d43d <unknown>\n#2 0x55e1171478de <unknown>\n#3 0x55e11716e0b2 <unknown>\n#4 0x55e117180621 <unknown>\n#5 0x55e1171d1bab <unknown>\n#6 0x55e117180431 <unknown>\n#7 0x55e1171d18c3 <unknown>\n#8 0x55e11719f6b3 <unknown>\n#9 0x55e1171a068e <unknown>\n#10 0x55e117441a2b <unknown>\n#11 0x55e1174459b1 <unknown>\n#12 0x55e11742e225 <unknown>\n#13 0x55e117446532 <unknown>\n#14 0x55e11741338f <unknown>\n#15 0x55e117465f28 <unknown>\n#16 0x55e1174660f3 <unknown>\n#17 0x55e117475e7c <unknown>\n#18 0x7f5fa7c94ac3 <unknown>\n\n","statusTrace":"  File \"/home/runner/.cache/pypoetry/virtualenvs/bfexcercise-selenium-python-JQo4GEbC-py3.12/lib/python3.12/site-packages/behave/model.py\", line 1329, in run\n    match.run(runner.context)\n  File \"/home/runner/.cache/pypoetry/virtualenvs/bfexcercise-selenium-python-JQo4GEbC-py3.12/lib/python3.12/site-packages/behave/matchers.py\", line 98, in run\n    self.func(context, *args, **kwargs)\n  File \"src/main/features/steps/home_page_steps.py\", line 88, in step_check_message_in_alert\n    assert context.home_page.get_tex_of_alert() == message\n           ^^^^^^^^^^^^^^^^^^^^^^^^^^^^^^^^^^^^\n  File \"/home/runner/work/bfexcercise-selenium-python/bfexcercise-selenium-python/src/main/pages/home_page.py\", line 74, in get_tex_of_alert\n    alert_text = self.get_alert_text()\n                 ^^^^^^^^^^^^^^^^^^^^^\n  File \"/home/runner/work/bfexcercise-selenium-python/bfexcercise-selenium-python/src/main/pages/base_page.py\", line 114, in get_alert_text\n    alert = self.driver.switch_to.alert\n            ^^^^^^^^^^^^^^^^^^^^^^^^^^^\n  File \"/home/runner/.cache/pypoetry/virtualenvs/bfexcercise-selenium-python-JQo4GEbC-py3.12/lib/python3.12/site-packages/selenium/webdriver/remote/switch_to.py\", line 58, in alert\n    _ = alert.text\n        ^^^^^^^^^^\n  File \"/home/runner/.cache/pypoetry/virtualenvs/bfexcercise-selenium-python-JQo4GEbC-py3.12/lib/python3.12/site-packages/selenium/webdriver/common/alert.py\", line 58, in text\n    return self.driver.execute(Command.W3C_GET_ALERT_TEXT)[\"value\"]\n           ^^^^^^^^^^^^^^^^^^^^^^^^^^^^^^^^^^^^^^^^^^^^^^^\n  File \"/home/runner/.cache/pypoetry/virtualenvs/bfexcercise-selenium-python-JQo4GEbC-py3.12/lib/python3.12/site-packages/selenium/webdriver/remote/webdriver.py\", line 354, in execute\n    self.error_handler.check_response(response)\n  File \"/home/runner/.cache/pypoetry/virtualenvs/bfexcercise-selenium-python-JQo4GEbC-py3.12/lib/python3.12/site-packages/selenium/webdriver/remote/errorhandler.py\", line 229, in check_response\n    raise exception_class(message, screen, stacktrace)\n","steps":[],"attachments":[],"parameters":[],"shouldDisplayMessage":true,"stepsCount":0,"attachmentsCount":0,"hasContent":true,"attachmentStep":false}],"attachments":[],"parameters":[],"shouldDisplayMessage":false,"stepsCount":3,"attachmentsCount":0,"hasContent":true,"attachmentStep":false},"afterStages":[],"labels":[{"name":"severity","value":"normal"},{"name":"feature","value":"Practicing Basic User Interactions"},{"name":"framework","value":"behave"},{"name":"language","value":"cpython3"},{"name":"resultFormat","value":"allure2"}],"parameters":[],"links":[],"hidden":false,"retry":false,"extra":{"severity":"normal","retries":[{"uid":"787f3cbad8eb513d","status":"passed","time":{"start":1728392217275,"stop":1728392218484,"duration":1209}}],"categories":[{"name":"Test defects","matchedStatuses":[],"flaky":false}],"history":{"statistic":{"failed":0,"broken":1,"skipped":0,"passed":1,"unknown":0,"total":2},"items":[{"uid":"496d8f4281ce1909","status":"passed","time":{"start":1728392217275,"stop":1728392218484,"duration":1209}}]},"tags":[]},"source":"868b2a02252de012.json","parameterValues":[]}